%!Adobe-FontList 1.22
%Locale:0x409

%BeginFont
Handler:DirectoryHandler
FontType:Type1
FontName:AcrataTextBeta4-Regular
FamilyName:Acrata Text Beta 4
StyleName:Regular
MenuName:Acrata Text Beta 4 Regular
StyleBits:0
WeightClass:400
WidthClass:5
AngleClass:0
FullName:Acrata Text Beta 4 Regular
WritingScript:Roman
OutlineFileName:/Users/estefania/Desktop/Anonimas/Presentación final /Document Fonts/AcrataTextBeta4-Regular.otf
DataFormat:sfntData
UsesStandardEncoding:yes
isCFF:yes
hasSVG:no
VariableFontType:NonVariableFont
FileLength:12296
FileModTime:654607342
NameArray:0,Mac,4,Acrata Text Beta 4 Regular
NameArray:0,Win,1,Acrata Text Beta 4 Regular
NameArray:0,Win,16,Acrata Text Beta 4
%EndFont

%BeginFont
Handler:DirectoryHandler
FontType:Invalid
OutlineFileName:/Users/estefania/Desktop/Anonimas/Presentación final /Document Fonts/AdobeFnt22.lst
FileLength:591
FileModTime:654665842
%EndFont

%BeginFont
Handler:DirectoryHandler
FontType:Type1
FontName:ClashDisplay-Bold
FamilyName:Clash Display
StyleName:Bold
MenuName:Clash Display
StyleBits:2
WeightClass:700
WidthClass:5
AngleClass:0
FullName:Clash Display Bold
WritingScript:Roman
OutlineFileName:/Users/estefania/Desktop/Anonimas/Presentación final /Document Fonts/ClashDisplay-Bold.otf
DataFormat:sfntData
UsesStandardEncoding:yes
isCFF:yes
hasSVG:no
VariableFontType:NonVariableFont
FileLength:25276
FileModTime:654607342
NameArray:0,Win,1,Clash Display
%EndFont

%BeginFont
Handler:DirectoryHandler
FontType:Type1
FontName:ClashDisplay-Medium
FamilyName:Clash Display
StyleName:Medium
MenuName:Clash Display Medium
StyleBits:0
WeightClass:500
WidthClass:5
AngleClass:0
FullName:Clash Display Medium
WritingScript:Roman
OutlineFileName:/Users/estefania/Desktop/Anonimas/Presentación final /Document Fonts/ClashDisplay-Medium.otf
DataFormat:sfntData
UsesStandardEncoding:yes
isCFF:yes
hasSVG:no
VariableFontType:NonVariableFont
FileLength:27176
FileModTime:654607342
NameArray:0,Win,1,Clash Display Medium
NameArray:0,Win,16,Clash Display
%EndFont

%BeginFont
Handler:DirectoryHandler
FontType:Type1
FontName:Mutua-Regular
FamilyName:Mutua
StyleName:Regular
MenuName:Mutua
StyleBits:0
WeightClass:400
WidthClass:5
AngleClass:0
FullName:Mutua Regular
WritingScript:Roman
OutlineFileName:/Users/estefania/Desktop/Anonimas/Presentación final /Document Fonts/Mutua-Regular.otf
DataFormat:sfntData
UsesStandardEncoding:yes
isCFF:yes
hasSVG:no
VariableFontType:NonVariableFont
FileLength:13208
FileModTime:654665770
NameArray:0,Mac,4,Mutua Regular
NameArray:0,Win,1,Mutua
NameArray:0,Win,16,Mutua
%EndFont

%BeginFont
Handler:DirectoryHandler
FontType:Type1
FontName:Mutua-Stencil
FamilyName:Mutua
StyleName:Stencil
MenuName:Mutua Stencil
StyleBits:0
WeightClass:400
WidthClass:5
AngleClass:0
FullName:Mutua Stencil
WritingScript:Roman
OutlineFileName:/Users/estefania/Desktop/Anonimas/Presentación final /Document Fonts/Mutua-Stencil.otf
DataFormat:sfntData
UsesStandardEncoding:yes
isCFF:yes
hasSVG:no
VariableFontType:NonVariableFont
FileLength:13188
FileModTime:654650259
NameArray:0,Mac,4,Mutua Stencil
NameArray:0,Win,1,Mutua Stencil
NameArray:0,Win,16,Mutua
%EndFont

%BeginFont
Handler:DirectoryHandler
FontType:Type1
FontName:Syne-ExtraBold
FamilyName:Syne
StyleName:ExtraBold
MenuName:Syne ExtraBold
StyleBits:0
WeightClass:800
WidthClass:5
AngleClass:0
FullName:Syne ExtraBold
WritingScript:Roman
OutlineFileName:/Users/estefania/Desktop/Anonimas/Presentación final /Document Fonts/Syne-ExtraBold.otf
DataFormat:sfntData
UsesStandardEncoding:yes
isCFF:yes
hasSVG:no
VariableFontType:NonVariableFont
FileLength:46312
FileModTime:625039756
NameArray:0,Win,1,Syne ExtraBold
NameArray:0,Win,16,Syne
%EndFont

%BeginFont
Handler:DirectoryHandler
FontType:Type1
FontName:TansSans060921-Regular
FamilyName:Tans Sans 100921
StyleName:Regular
MenuName:Tans Sans 100921
StyleBits:0
WeightClass:400
WidthClass:5
AngleClass:0
FullName:Tans Sans 100921 Regular
WritingScript:Roman
OutlineFileName:/Users/estefania/Desktop/Anonimas/Presentación final /Document Fonts/TansSans060921-Regular.otf
DataFormat:sfntData
UsesStandardEncoding:yes
isCFF:yes
hasSVG:no
VariableFontType:NonVariableFont
FileLength:8672
FileModTime:653404824
NameArray:0,Mac,4,Tans Sans 100921 Regular
NameArray:0,Win,1,Tans Sans 100921
%EndFont

